Using pre-set license
Built from '2022.3/release' branch; Version is '2022.3.18f1 (d29bea25151d) revision 13802474'; Using compiler version '192829333'; Build Type 'Release'
OS: 'Windows 10  (10.0.19045) 64bit Professional' Language: 'en' Physical Memory: 16262 MB
BatchMode: 1, IsHumanControllingUs: 0, StartBugReporterOnCrash: 0, Is64bit: 1, IsPro: 1

COMMAND LINE ARGUMENTS:
E:\New folder\Editor\2022.3.18f1\Editor\Unity.exe
-adb2
-batchMode
-noUpm
-name
AssetImportWorker0
-projectPath
D:/Workplace/2D_Minigame_Collection_Num1
-logFile
Logs/AssetImportWorker0.log
-srvPort
50451
Successfully changed project path to: D:/Workplace/2D_Minigame_Collection_Num1
D:/Workplace/2D_Minigame_Collection_Num1
[UnityMemory] Configuration Parameters - Can be set up in boot.config
    "memorysetup-bucket-allocator-granularity=16"
    "memorysetup-bucket-allocator-bucket-count=8"
    "memorysetup-bucket-allocator-block-size=33554432"
    "memorysetup-bucket-allocator-block-count=8"
    "memorysetup-main-allocator-block-size=16777216"
    "memorysetup-thread-allocator-block-size=16777216"
    "memorysetup-gfx-main-allocator-block-size=16777216"
    "memorysetup-gfx-thread-allocator-block-size=16777216"
    "memorysetup-cache-allocator-block-size=4194304"
    "memorysetup-typetree-allocator-block-size=2097152"
    "memorysetup-profiler-bucket-allocator-granularity=16"
    "memorysetup-profiler-bucket-allocator-bucket-count=8"
    "memorysetup-profiler-bucket-allocator-block-size=33554432"
    "memorysetup-profiler-bucket-allocator-block-count=8"
    "memorysetup-profiler-allocator-block-size=16777216"
    "memorysetup-profiler-editor-allocator-block-size=1048576"
    "memorysetup-temp-allocator-size-main=16777216"
    "memorysetup-job-temp-allocator-block-size=2097152"
    "memorysetup-job-temp-allocator-block-size-background=1048576"
    "memorysetup-job-temp-allocator-reduction-small-platforms=262144"
    "memorysetup-allocator-temp-initial-block-size-main=262144"
    "memorysetup-allocator-temp-initial-block-size-worker=262144"
    "memorysetup-temp-allocator-size-background-worker=32768"
    "memorysetup-temp-allocator-size-job-worker=262144"
    "memorysetup-temp-allocator-size-preload-manager=33554432"
    "memorysetup-temp-allocator-size-nav-mesh-worker=65536"
    "memorysetup-temp-allocator-size-audio-worker=65536"
    "memorysetup-temp-allocator-size-cloud-worker=32768"
    "memorysetup-temp-allocator-size-gi-baking-worker=262144"
    "memorysetup-temp-allocator-size-gfx=262144"
Player connection [15884] Host "[IP] 172.16.2.131 [Port] 0 [Flags] 2 [Guid] 2350434844 [EditorId] 2350434844 [Version] 1048832 [Id] WindowsEditor(7,DESKTOP-38BK1M1) [Debug] 1 [PackageName] WindowsEditor [ProjectName] Editor" joined multi-casting on [225.0.0.222:54997]...

Player connection [15884] Host "[IP] 172.16.2.131 [Port] 0 [Flags] 2 [Guid] 2350434844 [EditorId] 2350434844 [Version] 1048832 [Id] WindowsEditor(7,DESKTOP-38BK1M1) [Debug] 1 [PackageName] WindowsEditor [ProjectName] Editor" joined alternative multi-casting on [225.0.0.222:34997]...

[Physics::Module] Initialized MultithreadedJobDispatcher with 7 workers.
Refreshing native plugins compatible for Editor in 62.07 ms, found 4 plugins.
Preloading 0 native plugins for Editor in 0.00 ms.
Initialize engine version: 2022.3.18f1 (d29bea25151d)
[Subsystems] Discovering subsystems at path E:/New folder/Editor/2022.3.18f1/Editor/Data/Resources/UnitySubsystems
[Subsystems] Discovering subsystems at path D:/Workplace/2D_Minigame_Collection_Num1/Assets
GfxDevice: creating device client; threaded=0; jobified=0
Direct3D:
    Version:  Direct3D 11.0 [level 11.1]
    Renderer: NVIDIA GeForce GTX 1050 (ID=0x1c8d)
    Vendor:   NVIDIA
    VRAM:     1979 MB
    Driver:   30.0.14.7284
Invalid texture used for cursor - check importer settings or texture creation. Texture must be RGBA32, readable, have alphaIsTransparency enabled and have no mip chain.
Failed to set the cursor because the specified texture ('Logo') was not CPU accessible.
Initialize mono
Mono path[0] = 'E:/New folder/Editor/2022.3.18f1/Editor/Data/Managed'
Mono path[1] = 'E:/New folder/Editor/2022.3.18f1/Editor/Data/MonoBleedingEdge/lib/mono/unityjit-win32'
Mono config path = 'E:/New folder/Editor/2022.3.18f1/Editor/Data/MonoBleedingEdge/etc'
Using monoOptions --debugger-agent=transport=dt_socket,embedding=1,server=y,suspend=n,address=127.0.0.1:56880
Begin MonoManager ReloadAssembly
Registering precompiled unity dll's ...
Register platform support module: E:/New folder/Editor/2022.3.18f1/Editor/Data/PlaybackEngines/WebGLSupport/UnityEditor.WebGL.Extensions.dll
Register platform support module: E:/New folder/Editor/2022.3.18f1/Editor/Data/PlaybackEngines/AndroidPlayer/UnityEditor.Android.Extensions.dll
Register platform support module: E:/New folder/Editor/2022.3.18f1/Editor/Data/PlaybackEngines/WindowsStandaloneSupport/UnityEditor.WindowsStandalone.Extensions.dll
Registered in 0.024407 seconds.
- Loaded All Assemblies, in  1.079 seconds
Native extension for WindowsStandalone target not found
Native extension for Android target not found
Android Extension - Scanning For ADB Devices 763 ms
Native extension for WebGL target not found
Mono: successfully reloaded assembly
- Finished resetting the current domain, in  1.883 seconds
Domain Reload Profiling: 2963ms
	BeginReloadAssembly (321ms)
		ExecutionOrderSort (0ms)
		DisableScriptedObjects (0ms)
		BackupInstance (0ms)
		ReleaseScriptingObjects (0ms)
		CreateAndSetChildDomain (2ms)
	RebuildCommonClasses (153ms)
	RebuildNativeTypeToScriptingClass (33ms)
	initialDomainReloadingComplete (147ms)
	LoadAllAssembliesAndSetupDomain (424ms)
		LoadAssemblies (320ms)
		RebuildTransferFunctionScriptingTraits (0ms)
		AnalyzeDomain (418ms)
			TypeCache.Refresh (414ms)
				TypeCache.ScanAssembly (369ms)
			ScanForSourceGeneratedMonoScriptInfo (1ms)
			ResolveRequiredComponents (1ms)
	FinalizeReload (1885ms)
		ReleaseScriptCaches (0ms)
		RebuildScriptCaches (0ms)
		SetupLoadedEditorAssemblies (1676ms)
			LogAssemblyErrors (0ms)
			InitializePlatformSupportModulesInManaged (1116ms)
			SetLoadedEditorAssemblies (11ms)
			RefreshPlugins (0ms)
			BeforeProcessingInitializeOnLoad (7ms)
			ProcessInitializeOnLoadAttributes (390ms)
			ProcessInitializeOnLoadMethodAttributes (151ms)
			AfterProcessingInitializeOnLoad (0ms)
			EditorAssembliesLoaded (0ms)
		ExecutionOrderSort2 (0ms)
		AwakeInstancesAfterBackupRestoration (0ms)
========================================================================
Worker process is ready to serve import requests
Begin MonoManager ReloadAssembly
- Loaded All Assemblies, in  2.238 seconds
Refreshing native plugins compatible for Editor in 16.32 ms, found 4 plugins.
Native extension for WindowsStandalone target not found
Native extension for Android target not found
Native extension for WebGL target not found
Package Manager log level set to [2]
[Package Manager] Server::EnsureServerProcessIsRunning -- launch failed, reason: Unity was launched with the -noUpm command-line argument
[Package Manager] UpmClient::Send -- Unable to send message (not connected to UPM process).
[Package Manager] Cannot connect to Unity Package Manager local server
Mono: successfully reloaded assembly
- Finished resetting the current domain, in  2.368 seconds
Domain Reload Profiling: 4603ms
	BeginReloadAssembly (491ms)
		ExecutionOrderSort (0ms)
		DisableScriptedObjects (22ms)
		BackupInstance (0ms)
		ReleaseScriptingObjects (1ms)
		CreateAndSetChildDomain (62ms)
	RebuildCommonClasses (116ms)
	RebuildNativeTypeToScriptingClass (38ms)
	initialDomainReloadingComplete (137ms)
	LoadAllAssembliesAndSetupDomain (1452ms)
		LoadAssemblies (1068ms)
		RebuildTransferFunctionScriptingTraits (0ms)
		AnalyzeDomain (667ms)
			TypeCache.Refresh (560ms)
				TypeCache.ScanAssembly (505ms)
			ScanForSourceGeneratedMonoScriptInfo (85ms)
			ResolveRequiredComponents (20ms)
	FinalizeReload (2370ms)
		ReleaseScriptCaches (0ms)
		RebuildScriptCaches (0ms)
		SetupLoadedEditorAssemblies (1769ms)
			LogAssemblyErrors (0ms)
			InitializePlatformSupportModulesInManaged (107ms)
			SetLoadedEditorAssemblies (14ms)
			RefreshPlugins (0ms)
			BeforeProcessingInitializeOnLoad (233ms)
			ProcessInitializeOnLoadAttributes (1238ms)
			ProcessInitializeOnLoadMethodAttributes (165ms)
			AfterProcessingInitializeOnLoad (11ms)
			EditorAssembliesLoaded (0ms)
		ExecutionOrderSort2 (0ms)
		AwakeInstancesAfterBackupRestoration (19ms)
Launched and connected shader compiler UnityShaderCompiler.exe after 0.12 seconds
Refreshing native plugins compatible for Editor in 17.13 ms, found 4 plugins.
Preloading 0 native plugins for Editor in 0.00 ms.
Unloading 4274 Unused Serialized files (Serialized files now loaded: 0)
Unloading 85 unused Assets / (148.3 KB). Loaded Objects now: 4736.
Memory consumption went from 156.1 MB to 155.9 MB.
Total: 7.635300 ms (FindLiveObjects: 0.604800 ms CreateObjectMapping: 0.673400 ms MarkObjects: 6.069800 ms  DeleteObjects: 0.285600 ms)

AssetImportParameters requested are different than current active one (requested -> active):
  custom:container-demuxer-ogg: 62fdf1f143b41e24485cea50d1cbac27 -> 
  custom:video-decoder-ogg-theora: a1e56fd34408186e4bbccfd4996cb3dc -> 
  custom:framework-win-MediaFoundation: 216162199b28c13a410421893ffa2e32 -> 
  custom:CustomObjectIndexerAttribute: 6d391050e5a25f67b0a2c618074f2cd9 -> 
  custom:container-demuxer-webm: 4f35f7cbe854078d1ac9338744f61a02 -> 
  custom:container-muxer-webm: aa71ff27fc2769a1b78a27578f13a17b -> 
  custom:video-decoder-webm-vp8: 9c59270c3fd7afecdb556c50c9e8de78 -> 
  custom:SearchIndexIgnoredProperties: e643bd26f0fe6173181afceb89e7c659 -> 
  custom:AudioImporter_EditorPlatform: d09bf68614088b80899f8185d706f6e7 -> 
  custom:video-encoder-webm-vp8: eb34c28f22e8b96e1ab97ce403110664 -> 
  custom:audio-decoder-ogg-vorbis: bf7c407c2cedff20999df2af8eb42d56 -> 
  custom:audio-encoder-webm-vorbis: bf7c407c2cedff20999df2af8eb42d56 -> 
========================================================================
Received Import Request.
  Time since last request: 43726.470763 seconds.
  path: Assets/Resources/SFX/Effect_DinoJump.mp3
  artifactKey: Guid(85b30ea509d3d6d4bb4898d82ca73f96) Importer(815301076,1909f56bfc062723c751e8b465ee728b)
Start importing Assets/Resources/SFX/Effect_DinoJump.mp3 using Guid(85b30ea509d3d6d4bb4898d82ca73f96) Importer(815301076,1909f56bfc062723c751e8b465ee728b)  -> (artifact id: '4a26707282d35b352a9fca91db82ebc1') in 0.262481 seconds
Number of updated asset objects reloaded before import = 0
Number of asset objects unloaded after import = 2
========================================================================
Received Import Request.
  Time since last request: 0.000088 seconds.
  path: Assets/Resources/SFX/Sound_MainTheme.mp3
  artifactKey: Guid(8014e5804f04a3b489f7822c029fdda1) Importer(815301076,1909f56bfc062723c751e8b465ee728b)
Start importing Assets/Resources/SFX/Sound_MainTheme.mp3 using Guid(8014e5804f04a3b489f7822c029fdda1) Importer(815301076,1909f56bfc062723c751e8b465ee728b)  -> (artifact id: '00a037cb7023f6599a73684802aee3c6') in 0.033327 seconds
Number of updated asset objects reloaded before import = 0
Number of asset objects unloaded after import = 2
========================================================================
Received Import Request.
  Time since last request: 10.395257 seconds.
  path: Assets/Resources/Prefabs/04_Ut0pia/Foot_Step_A.prefab
  artifactKey: Guid(19aba76998728f54b91ba85d526e93af) Importer(815301076,1909f56bfc062723c751e8b465ee728b)
Start importing Assets/Resources/Prefabs/04_Ut0pia/Foot_Step_A.prefab using Guid(19aba76998728f54b91ba85d526e93af) Importer(815301076,1909f56bfc062723c751e8b465ee728b)  -> (artifact id: 'e0b584bd5c1babf189047d6d1cef6784') in 0.093646 seconds
Number of updated asset objects reloaded before import = 0
Number of asset objects unloaded after import = 9
========================================================================
Received Import Request.
  Time since last request: 0.000059 seconds.
  path: Assets/Resources/Prefabs/04_Ut0pia/Foot_Step_C.prefab
  artifactKey: Guid(ca7fb0eaecd7fd042a2835fe4132c26f) Importer(815301076,1909f56bfc062723c751e8b465ee728b)
Start importing Assets/Resources/Prefabs/04_Ut0pia/Foot_Step_C.prefab using Guid(ca7fb0eaecd7fd042a2835fe4132c26f) Importer(815301076,1909f56bfc062723c751e8b465ee728b)  -> (artifact id: 'aab08c9d79b7487e74d4d02b692108a1') in 0.055931 seconds
Number of updated asset objects reloaded before import = 0
Number of asset objects unloaded after import = 9
========================================================================
Received Import Request.
  Time since last request: 0.000057 seconds.
  path: Assets/Resources/Prefabs/04_Ut0pia/OBJ_Player.prefab
  artifactKey: Guid(2792fe6af8343fb419a15f0e4da5bc7c) Importer(815301076,1909f56bfc062723c751e8b465ee728b)
Start importing Assets/Resources/Prefabs/04_Ut0pia/OBJ_Player.prefab using Guid(2792fe6af8343fb419a15f0e4da5bc7c) Importer(815301076,1909f56bfc062723c751e8b465ee728b)  -> (artifact id: 'cad0638c744c2c29aed8e0a78cae3881') in 0.040421 seconds
Number of updated asset objects reloaded before import = 0
Number of asset objects unloaded after import = 10
========================================================================
Received Import Request.
  Time since last request: 39.780319 seconds.
  path: Assets/Resources/Prefabs/04_Ut0pia/Foot_Step_A.prefab
  artifactKey: Guid(19aba76998728f54b91ba85d526e93af) Importer(815301076,1909f56bfc062723c751e8b465ee728b)
Start importing Assets/Resources/Prefabs/04_Ut0pia/Foot_Step_A.prefab using Guid(19aba76998728f54b91ba85d526e93af) Importer(815301076,1909f56bfc062723c751e8b465ee728b)  -> (artifact id: '34181ef04caeea2f38ecad0885449339') in 0.030730 seconds
Number of updated asset objects reloaded before import = 0
Number of asset objects unloaded after import = 9
========================================================================
Received Import Request.
  Time since last request: 2.369745 seconds.
  path: Assets/Resources/Prefabs/04_Ut0pia/Foot_Step_A.prefab
  artifactKey: Guid(19aba76998728f54b91ba85d526e93af) Importer(815301076,1909f56bfc062723c751e8b465ee728b)
Start importing Assets/Resources/Prefabs/04_Ut0pia/Foot_Step_A.prefab using Guid(19aba76998728f54b91ba85d526e93af) Importer(815301076,1909f56bfc062723c751e8b465ee728b)  -> (artifact id: '266902c82d26b4c7fe6d9800fd729b88') in 0.029374 seconds
Number of updated asset objects reloaded before import = 0
Number of asset objects unloaded after import = 9
========================================================================
Received Import Request.
  Time since last request: 1.280596 seconds.
  path: Assets/Resources/Prefabs/04_Ut0pia/Foot_Step_A.prefab
  artifactKey: Guid(19aba76998728f54b91ba85d526e93af) Importer(815301076,1909f56bfc062723c751e8b465ee728b)
Start importing Assets/Resources/Prefabs/04_Ut0pia/Foot_Step_A.prefab using Guid(19aba76998728f54b91ba85d526e93af) Importer(815301076,1909f56bfc062723c751e8b465ee728b)  -> (artifact id: '4d97f6d0697846188716bb793b18618e') in 0.016085 seconds
Number of updated asset objects reloaded before import = 0
Number of asset objects unloaded after import = 9
========================================================================
Received Import Request.
  Time since last request: 5.035765 seconds.
  path: Assets/Resources/Prefabs/04_Ut0pia/Foot_Step_A.prefab
  artifactKey: Guid(19aba76998728f54b91ba85d526e93af) Importer(815301076,1909f56bfc062723c751e8b465ee728b)
Start importing Assets/Resources/Prefabs/04_Ut0pia/Foot_Step_A.prefab using Guid(19aba76998728f54b91ba85d526e93af) Importer(815301076,1909f56bfc062723c751e8b465ee728b)  -> (artifact id: 'bcae61bd493bd5f0bd4a7b6edc95ef98') in 0.031672 seconds
Number of updated asset objects reloaded before import = 0
Number of asset objects unloaded after import = 9
========================================================================
Received Import Request.
  Time since last request: 11.992233 seconds.
  path: Assets/Resources/Prefabs/04_Ut0pia/Foot_Step_A.prefab
  artifactKey: Guid(19aba76998728f54b91ba85d526e93af) Importer(815301076,1909f56bfc062723c751e8b465ee728b)
Start importing Assets/Resources/Prefabs/04_Ut0pia/Foot_Step_A.prefab using Guid(19aba76998728f54b91ba85d526e93af) Importer(815301076,1909f56bfc062723c751e8b465ee728b)  -> (artifact id: '064ef15bbd41d955af977621d12b7d14') in 0.016701 seconds
Number of updated asset objects reloaded before import = 0
Number of asset objects unloaded after import = 9
========================================================================
Received Import Request.
  Time since last request: 7.464232 seconds.
  path: Assets/Resources/Prefabs/04_Ut0pia/Foot_Step_A.prefab
  artifactKey: Guid(19aba76998728f54b91ba85d526e93af) Importer(815301076,1909f56bfc062723c751e8b465ee728b)
Start importing Assets/Resources/Prefabs/04_Ut0pia/Foot_Step_A.prefab using Guid(19aba76998728f54b91ba85d526e93af) Importer(815301076,1909f56bfc062723c751e8b465ee728b)  -> (artifact id: '48789787a44dab4754f5385e14deb137') in 0.022775 seconds
Number of updated asset objects reloaded before import = 0
Number of asset objects unloaded after import = 9
========================================================================
Received Import Request.
  Time since last request: 14.137026 seconds.
  path: Assets/Resources/Prefabs/04_Ut0pia/Foot_Step_B.prefab
  artifactKey: Guid(2c8b8fafbe4d1c444905795514854f60) Importer(815301076,1909f56bfc062723c751e8b465ee728b)
Start importing Assets/Resources/Prefabs/04_Ut0pia/Foot_Step_B.prefab using Guid(2c8b8fafbe4d1c444905795514854f60) Importer(815301076,1909f56bfc062723c751e8b465ee728b)  -> (artifact id: 'd660c44c882801b162cc0e9b0c7029d6') in 0.034071 seconds
Number of updated asset objects reloaded before import = 0
Number of asset objects unloaded after import = 9
========================================================================
Received Import Request.
  Time since last request: 0.000041 seconds.
  path: Assets/Resources/Prefabs/04_Ut0pia/Foot_Step_D.prefab
  artifactKey: Guid(c7fe8bd501c07d14281354e9c01ef692) Importer(815301076,1909f56bfc062723c751e8b465ee728b)
Start importing Assets/Resources/Prefabs/04_Ut0pia/Foot_Step_D.prefab using Guid(c7fe8bd501c07d14281354e9c01ef692) Importer(815301076,1909f56bfc062723c751e8b465ee728b)  -> (artifact id: '703e3bc0e39f8524a5b25fedcdc46f90') in 0.028442 seconds
Number of updated asset objects reloaded before import = 0
Number of asset objects unloaded after import = 9
========================================================================
Received Import Request.
  Time since last request: 5.273955 seconds.
  path: Assets/Resources/Prefabs/04_Ut0pia/Foot_Step_A.prefab
  artifactKey: Guid(19aba76998728f54b91ba85d526e93af) Importer(815301076,1909f56bfc062723c751e8b465ee728b)
Start importing Assets/Resources/Prefabs/04_Ut0pia/Foot_Step_A.prefab using Guid(19aba76998728f54b91ba85d526e93af) Importer(815301076,1909f56bfc062723c751e8b465ee728b)  -> (artifact id: '0058879e393bb12bc3c643c28b80481d') in 0.015688 seconds
Number of updated asset objects reloaded before import = 0
Number of asset objects unloaded after import = 8
========================================================================
Received Import Request.
  Time since last request: 0.085718 seconds.
  path: Assets/Resources/Prefabs/04_Ut0pia/Foot_Step_B.prefab
  artifactKey: Guid(2c8b8fafbe4d1c444905795514854f60) Importer(815301076,1909f56bfc062723c751e8b465ee728b)
Start importing Assets/Resources/Prefabs/04_Ut0pia/Foot_Step_B.prefab using Guid(2c8b8fafbe4d1c444905795514854f60) Importer(815301076,1909f56bfc062723c751e8b465ee728b)  -> (artifact id: 'a97a81e444de72e26987dcdea6cd3f9b') in 0.031979 seconds
Number of updated asset objects reloaded before import = 0
Number of asset objects unloaded after import = 8
========================================================================
Received Import Request.
  Time since last request: 0.000036 seconds.
  path: Assets/Resources/Prefabs/04_Ut0pia/Foot_Step_D.prefab
  artifactKey: Guid(c7fe8bd501c07d14281354e9c01ef692) Importer(815301076,1909f56bfc062723c751e8b465ee728b)
Start importing Assets/Resources/Prefabs/04_Ut0pia/Foot_Step_D.prefab using Guid(c7fe8bd501c07d14281354e9c01ef692) Importer(815301076,1909f56bfc062723c751e8b465ee728b)  -> (artifact id: 'c0ea1b0a2ca067ac76e5cb305e107c75') in 0.064754 seconds
Number of updated asset objects reloaded before import = 0
Number of asset objects unloaded after import = 8
========================================================================
Received Import Request.
  Time since last request: 2.905629 seconds.
  path: Assets/Resources/Prefabs/04_Ut0pia/Foot_Step_A.prefab
  artifactKey: Guid(19aba76998728f54b91ba85d526e93af) Importer(815301076,1909f56bfc062723c751e8b465ee728b)
Start importing Assets/Resources/Prefabs/04_Ut0pia/Foot_Step_A.prefab using Guid(19aba76998728f54b91ba85d526e93af) Importer(815301076,1909f56bfc062723c751e8b465ee728b)  -> (artifact id: '1490e1201c7c5491e820dcfa401d1e23') in 0.019858 seconds
Number of updated asset objects reloaded before import = 0
Number of asset objects unloaded after import = 9
========================================================================
Received Import Request.
  Time since last request: 0.000031 seconds.
  path: Assets/Resources/Prefabs/04_Ut0pia/Foot_Step_D.prefab
  artifactKey: Guid(c7fe8bd501c07d14281354e9c01ef692) Importer(815301076,1909f56bfc062723c751e8b465ee728b)
Start importing Assets/Resources/Prefabs/04_Ut0pia/Foot_Step_D.prefab using Guid(c7fe8bd501c07d14281354e9c01ef692) Importer(815301076,1909f56bfc062723c751e8b465ee728b)  -> (artifact id: '9670f55899b4f38b1c107976968a97a3') in 0.016281 seconds
Number of updated asset objects reloaded before import = 0
Number of asset objects unloaded after import = 9
========================================================================
Received Import Request.
  Time since last request: 23.642449 seconds.
  path: Assets/Resources/Prefabs/04_Ut0pia/Foot_Step_A.prefab
  artifactKey: Guid(19aba76998728f54b91ba85d526e93af) Importer(815301076,1909f56bfc062723c751e8b465ee728b)
Start importing Assets/Resources/Prefabs/04_Ut0pia/Foot_Step_A.prefab using Guid(19aba76998728f54b91ba85d526e93af) Importer(815301076,1909f56bfc062723c751e8b465ee728b)  -> (artifact id: 'e93d9ce5ffe8a6ee2804f24925bf787f') in 0.019295 seconds
Number of updated asset objects reloaded before import = 0
Number of asset objects unloaded after import = 9
========================================================================
Received Import Request.
  Time since last request: 9.589623 seconds.
  path: Assets/Resources/Prefabs/04_Ut0pia/Foot_Step_B.prefab
  artifactKey: Guid(2c8b8fafbe4d1c444905795514854f60) Importer(815301076,1909f56bfc062723c751e8b465ee728b)
Start importing Assets/Resources/Prefabs/04_Ut0pia/Foot_Step_B.prefab using Guid(2c8b8fafbe4d1c444905795514854f60) Importer(815301076,1909f56bfc062723c751e8b465ee728b)  -> (artifact id: 'b037c8f926b2e48d67188a6bd6fd1143') in 0.018771 seconds
Number of updated asset objects reloaded before import = 0
Number of asset objects unloaded after import = 9
========================================================================
Received Import Request.
  Time since last request: 0.000030 seconds.
  path: Assets/Resources/Prefabs/04_Ut0pia/Foot_Step_D.prefab
  artifactKey: Guid(c7fe8bd501c07d14281354e9c01ef692) Importer(815301076,1909f56bfc062723c751e8b465ee728b)
Start importing Assets/Resources/Prefabs/04_Ut0pia/Foot_Step_D.prefab using Guid(c7fe8bd501c07d14281354e9c01ef692) Importer(815301076,1909f56bfc062723c751e8b465ee728b)  -> (artifact id: '73d3836a2feb672b61b15cffceb89c83') in 0.015959 seconds
Number of updated asset objects reloaded before import = 0
Number of asset objects unloaded after import = 9
========================================================================
Received Prepare
Begin MonoManager ReloadAssembly
- Loaded All Assemblies, in  4.600 seconds
Refreshing native plugins compatible for Editor in 33.06 ms, found 4 plugins.
Native extension for WindowsStandalone target not found
Native extension for Android target not found
Native extension for WebGL target not found
[Package Manager] Server::EnsureServerProcessIsRunning -- launch failed, reason: Unity was launched with the -noUpm command-line argument
[Package Manager] UpmClient::Send -- Unable to send message (not connected to UPM process).
[Package Manager] Cannot connect to Unity Package Manager local server
Mono: successfully reloaded assembly
- Finished resetting the current domain, in  9.150 seconds
Domain Reload Profiling: 13742ms
	BeginReloadAssembly (1203ms)
		ExecutionOrderSort (0ms)
		DisableScriptedObjects (139ms)
		BackupInstance (0ms)
		ReleaseScriptingObjects (0ms)
		CreateAndSetChildDomain (252ms)
	RebuildCommonClasses (472ms)
	RebuildNativeTypeToScriptingClass (109ms)
	initialDomainReloadingComplete (206ms)
	LoadAllAssembliesAndSetupDomain (2600ms)
		LoadAssemblies (3153ms)
		RebuildTransferFunctionScriptingTraits (0ms)
		AnalyzeDomain (137ms)
			TypeCache.Refresh (46ms)
				TypeCache.ScanAssembly (0ms)
			ScanForSourceGeneratedMonoScriptInfo (11ms)
			ResolveRequiredComponents (73ms)
	FinalizeReload (9152ms)
		ReleaseScriptCaches (0ms)
		RebuildScriptCaches (0ms)
		SetupLoadedEditorAssemblies (2880ms)
			LogAssemblyErrors (0ms)
			InitializePlatformSupportModulesInManaged (183ms)
			SetLoadedEditorAssemblies (26ms)
			RefreshPlugins (0ms)
			BeforeProcessingInitializeOnLoad (444ms)
			ProcessInitializeOnLoadAttributes (1999ms)
			ProcessInitializeOnLoadMethodAttributes (195ms)
			AfterProcessingInitializeOnLoad (28ms)
			EditorAssembliesLoaded (4ms)
		ExecutionOrderSort2 (0ms)
		AwakeInstancesAfterBackupRestoration (87ms)
Refreshing native plugins compatible for Editor in 16.53 ms, found 4 plugins.
Preloading 0 native plugins for Editor in 0.00 ms.
Unloading 4259 Unused Serialized files (Serialized files now loaded: 0)
Unloading 45 unused Assets / (120.2 KB). Loaded Objects now: 4762.
Memory consumption went from 154.0 MB to 153.9 MB.
Total: 10.936200 ms (FindLiveObjects: 0.567500 ms CreateObjectMapping: 0.654000 ms MarkObjects: 9.564600 ms  DeleteObjects: 0.148000 ms)

Prepare: number of updated asset objects reloaded= 1
AssetImportParameters requested are different than current active one (requested -> active):
  custom:container-demuxer-ogg: 62fdf1f143b41e24485cea50d1cbac27 -> 
  custom:video-decoder-ogg-theora: a1e56fd34408186e4bbccfd4996cb3dc -> 
  custom:framework-win-MediaFoundation: 216162199b28c13a410421893ffa2e32 -> 
  custom:CustomObjectIndexerAttribute: 6d391050e5a25f67b0a2c618074f2cd9 -> 
  custom:container-demuxer-webm: 4f35f7cbe854078d1ac9338744f61a02 -> 
  custom:container-muxer-webm: aa71ff27fc2769a1b78a27578f13a17b -> 
  custom:video-decoder-webm-vp8: 9c59270c3fd7afecdb556c50c9e8de78 -> 
  custom:SearchIndexIgnoredProperties: e643bd26f0fe6173181afceb89e7c659 -> 
  custom:AudioImporter_EditorPlatform: d09bf68614088b80899f8185d706f6e7 -> 
  custom:video-encoder-webm-vp8: eb34c28f22e8b96e1ab97ce403110664 -> 
  custom:audio-decoder-ogg-vorbis: bf7c407c2cedff20999df2af8eb42d56 -> 
  custom:audio-encoder-webm-vorbis: bf7c407c2cedff20999df2af8eb42d56 -> 
========================================================================
Received Import Request.
  Time since last request: 88.074559 seconds.
  path: Assets/Scenes/01_Home.unity
  artifactKey: Guid(2cda990e2423bbf4892e6590ba056729) Importer(815301076,1909f56bfc062723c751e8b465ee728b)
Start importing Assets/Scenes/01_Home.unity using Guid(2cda990e2423bbf4892e6590ba056729) Importer(815301076,1909f56bfc062723c751e8b465ee728b)  -> (artifact id: 'b9155aeee14d339714c9e41b3fb9e2a7') in 0.007043 seconds
Number of updated asset objects reloaded before import = 0
Number of asset objects unloaded after import = 0
========================================================================
Received Prepare
Begin MonoManager ReloadAssembly
- Loaded All Assemblies, in  1.631 seconds
Refreshing native plugins compatible for Editor in 49.83 ms, found 4 plugins.
Native extension for WindowsStandalone target not found
Native extension for Android target not found
Native extension for WebGL target not found
[Package Manager] Server::EnsureServerProcessIsRunning -- launch failed, reason: Unity was launched with the -noUpm command-line argument
[Package Manager] UpmClient::Send -- Unable to send message (not connected to UPM process).
[Package Manager] Cannot connect to Unity Package Manager local server
Mono: successfully reloaded assembly
- Finished resetting the current domain, in  4.877 seconds
Domain Reload Profiling: 6505ms
	BeginReloadAssembly (523ms)
		ExecutionOrderSort (0ms)
		DisableScriptedObjects (46ms)
		BackupInstance (0ms)
		ReleaseScriptingObjects (0ms)
		CreateAndSetChildDomain (120ms)
	RebuildCommonClasses (140ms)
	RebuildNativeTypeToScriptingClass (51ms)
	initialDomainReloadingComplete (96ms)
	LoadAllAssembliesAndSetupDomain (815ms)
		LoadAssemblies (1043ms)
		RebuildTransferFunctionScriptingTraits (0ms)
		AnalyzeDomain (58ms)
			TypeCache.Refresh (19ms)
				TypeCache.ScanAssembly (0ms)
			ScanForSourceGeneratedMonoScriptInfo (1ms)
			ResolveRequiredComponents (34ms)
	FinalizeReload (4879ms)
		ReleaseScriptCaches (0ms)
		RebuildScriptCaches (0ms)
		SetupLoadedEditorAssemblies (2128ms)
			LogAssemblyErrors (0ms)
			InitializePlatformSupportModulesInManaged (91ms)
			SetLoadedEditorAssemblies (14ms)
			RefreshPlugins (0ms)
			BeforeProcessingInitializeOnLoad (316ms)
			ProcessInitializeOnLoadAttributes (1511ms)
			ProcessInitializeOnLoadMethodAttributes (173ms)
			AfterProcessingInitializeOnLoad (23ms)
			EditorAssembliesLoaded (1ms)
		ExecutionOrderSort2 (0ms)
		AwakeInstancesAfterBackupRestoration (80ms)
Refreshing native plugins compatible for Editor in 24.54 ms, found 4 plugins.
Preloading 0 native plugins for Editor in 0.00 ms.
Unloading 4259 Unused Serialized files (Serialized files now loaded: 0)
Unloading 45 unused Assets / (120.3 KB). Loaded Objects now: 4778.
Memory consumption went from 155.9 MB to 155.8 MB.
Total: 23.243400 ms (FindLiveObjects: 0.677700 ms CreateObjectMapping: 0.777600 ms MarkObjects: 21.431300 ms  DeleteObjects: 0.354200 ms)

Prepare: number of updated asset objects reloaded= 0
AssetImportParameters requested are different than current active one (requested -> active):
  custom:container-demuxer-ogg: 62fdf1f143b41e24485cea50d1cbac27 -> 
  custom:video-decoder-ogg-theora: a1e56fd34408186e4bbccfd4996cb3dc -> 
  custom:framework-win-MediaFoundation: 216162199b28c13a410421893ffa2e32 -> 
  custom:CustomObjectIndexerAttribute: 6d391050e5a25f67b0a2c618074f2cd9 -> 
  custom:container-demuxer-webm: 4f35f7cbe854078d1ac9338744f61a02 -> 
  custom:container-muxer-webm: aa71ff27fc2769a1b78a27578f13a17b -> 
  custom:video-decoder-webm-vp8: 9c59270c3fd7afecdb556c50c9e8de78 -> 
  custom:SearchIndexIgnoredProperties: e643bd26f0fe6173181afceb89e7c659 -> 
  custom:AudioImporter_EditorPlatform: d09bf68614088b80899f8185d706f6e7 -> 
  custom:video-encoder-webm-vp8: eb34c28f22e8b96e1ab97ce403110664 -> 
  custom:audio-decoder-ogg-vorbis: bf7c407c2cedff20999df2af8eb42d56 -> 
  custom:audio-encoder-webm-vorbis: bf7c407c2cedff20999df2af8eb42d56 -> 
========================================================================
Received Import Request.
  Time since last request: 609.243066 seconds.
  path: Assets/Scenes/01_Home.unity
  artifactKey: Guid(2cda990e2423bbf4892e6590ba056729) Importer(815301076,1909f56bfc062723c751e8b465ee728b)
Start importing Assets/Scenes/01_Home.unity using Guid(2cda990e2423bbf4892e6590ba056729) Importer(815301076,1909f56bfc062723c751e8b465ee728b)  -> (artifact id: '2ff0d18140f51d0d4ff8d995fb8bac25') in 0.004937 seconds
Number of updated asset objects reloaded before import = 0
Number of asset objects unloaded after import = 0
========================================================================
Received Prepare
Begin MonoManager ReloadAssembly
- Loaded All Assemblies, in  1.139 seconds
Refreshing native plugins compatible for Editor in 9.20 ms, found 4 plugins.
Native extension for WindowsStandalone target not found
Native extension for Android target not found
Native extension for WebGL target not found
[Package Manager] Server::EnsureServerProcessIsRunning -- launch failed, reason: Unity was launched with the -noUpm command-line argument
[Package Manager] UpmClient::Send -- Unable to send message (not connected to UPM process).
[Package Manager] Cannot connect to Unity Package Manager local server
Mono: successfully reloaded assembly
- Finished resetting the current domain, in  1.664 seconds
Domain Reload Profiling: 2801ms
	BeginReloadAssembly (238ms)
		ExecutionOrderSort (0ms)
		DisableScriptedObjects (16ms)
		BackupInstance (0ms)
		ReleaseScriptingObjects (0ms)
		CreateAndSetChildDomain (58ms)
	RebuildCommonClasses (111ms)
	RebuildNativeTypeToScriptingClass (223ms)
	initialDomainReloadingComplete (69ms)
	LoadAllAssembliesAndSetupDomain (495ms)
		LoadAssemblies (559ms)
		RebuildTransferFunctionScriptingTraits (0ms)
		AnalyzeDomain (66ms)
			TypeCache.Refresh (21ms)
				TypeCache.ScanAssembly (1ms)
			ScanForSourceGeneratedMonoScriptInfo (24ms)
			ResolveRequiredComponents (19ms)
	FinalizeReload (1665ms)
		ReleaseScriptCaches (0ms)
		RebuildScriptCaches (0ms)
		SetupLoadedEditorAssemblies (760ms)
			LogAssemblyErrors (0ms)
			InitializePlatformSupportModulesInManaged (43ms)
			SetLoadedEditorAssemblies (7ms)
			RefreshPlugins (0ms)
			BeforeProcessingInitializeOnLoad (119ms)
			ProcessInitializeOnLoadAttributes (523ms)
			ProcessInitializeOnLoadMethodAttributes (64ms)
			AfterProcessingInitializeOnLoad (4ms)
			EditorAssembliesLoaded (0ms)
		ExecutionOrderSort2 (0ms)
		AwakeInstancesAfterBackupRestoration (20ms)
Refreshing native plugins compatible for Editor in 6.44 ms, found 4 plugins.
Preloading 0 native plugins for Editor in 0.00 ms.
Unloading 4259 Unused Serialized files (Serialized files now loaded: 0)
Unloading 45 unused Assets / (119.1 KB). Loaded Objects now: 4794.
Memory consumption went from 157.9 MB to 157.7 MB.
Total: 3.647300 ms (FindLiveObjects: 0.345700 ms CreateObjectMapping: 0.363900 ms MarkObjects: 2.843600 ms  DeleteObjects: 0.092900 ms)

Prepare: number of updated asset objects reloaded= 0
AssetImportParameters requested are different than current active one (requested -> active):
  custom:container-demuxer-ogg: 62fdf1f143b41e24485cea50d1cbac27 -> 
  custom:video-decoder-ogg-theora: a1e56fd34408186e4bbccfd4996cb3dc -> 
  custom:framework-win-MediaFoundation: 216162199b28c13a410421893ffa2e32 -> 
  custom:CustomObjectIndexerAttribute: 6d391050e5a25f67b0a2c618074f2cd9 -> 
  custom:container-demuxer-webm: 4f35f7cbe854078d1ac9338744f61a02 -> 
  custom:container-muxer-webm: aa71ff27fc2769a1b78a27578f13a17b -> 
  custom:video-decoder-webm-vp8: 9c59270c3fd7afecdb556c50c9e8de78 -> 
  custom:SearchIndexIgnoredProperties: e643bd26f0fe6173181afceb89e7c659 -> 
  custom:AudioImporter_EditorPlatform: d09bf68614088b80899f8185d706f6e7 -> 
  custom:video-encoder-webm-vp8: eb34c28f22e8b96e1ab97ce403110664 -> 
  custom:audio-decoder-ogg-vorbis: bf7c407c2cedff20999df2af8eb42d56 -> 
  custom:audio-encoder-webm-vorbis: bf7c407c2cedff20999df2af8eb42d56 -> 
========================================================================
Received Import Request.
  Time since last request: 155.669664 seconds.
  path: Assets/Resources/Sprite/Common/Sprites/Rot_Arrow.png
  artifactKey: Guid(352cb54adbe4aa84d95e0fe88c343f7b) Importer(815301076,1909f56bfc062723c751e8b465ee728b)
Start importing Assets/Resources/Sprite/Common/Sprites/Rot_Arrow.png using Guid(352cb54adbe4aa84d95e0fe88c343f7b) Importer(815301076,1909f56bfc062723c751e8b465ee728b)  -> (artifact id: '1f933e33dbd19f712fb26e72153b8202') in 0.139855 seconds
Number of updated asset objects reloaded before import = 0
Number of asset objects unloaded after import = 3
========================================================================
Received Import Request.
  Time since last request: 0.000059 seconds.
  path: Assets/Resources/Sprite/Common/Button/YTB.png
  artifactKey: Guid(fa68d4e19ee73994ca942b119f6c5915) Importer(815301076,1909f56bfc062723c751e8b465ee728b)
Start importing Assets/Resources/Sprite/Common/Button/YTB.png using Guid(fa68d4e19ee73994ca942b119f6c5915) Importer(815301076,1909f56bfc062723c751e8b465ee728b)  -> (artifact id: '0215ce9a338727014eeaa616bd45dca1') in 0.047719 seconds
Number of updated asset objects reloaded before import = 0
Number of asset objects unloaded after import = 3
========================================================================
Received Import Request.
  Time since last request: 0.000041 seconds.
  path: Assets/Resources/Sprite/Common/Button/Tiktok.png
  artifactKey: Guid(2e9308beb8376d94597dde6bd9380f1f) Importer(815301076,1909f56bfc062723c751e8b465ee728b)
Start importing Assets/Resources/Sprite/Common/Button/Tiktok.png using Guid(2e9308beb8376d94597dde6bd9380f1f) Importer(815301076,1909f56bfc062723c751e8b465ee728b)  -> (artifact id: 'c2e5d85ff948a8c2ca14e159d8ebb36f') in 0.037040 seconds
Number of updated asset objects reloaded before import = 0
Number of asset objects unloaded after import = 3
========================================================================
Received Import Request.
  Time since last request: 0.582550 seconds.
  path: Assets/Resources/Sprite/Common/Sprites/ProgressBar_BG.png
  artifactKey: Guid(9285f5554787c604fa62454d9e93f448) Importer(815301076,1909f56bfc062723c751e8b465ee728b)
Start importing Assets/Resources/Sprite/Common/Sprites/ProgressBar_BG.png using Guid(9285f5554787c604fa62454d9e93f448) Importer(815301076,1909f56bfc062723c751e8b465ee728b)  -> (artifact id: '9fe89a5528f6baaec3218c99d313fdea') in 0.044406 seconds
Number of updated asset objects reloaded before import = 0
Number of asset objects unloaded after import = 3
========================================================================
Received Import Request.
  Time since last request: 0.000036 seconds.
  path: Assets/Resources/Sprite/03_Utopia/Player.png
  artifactKey: Guid(d683d50726a720f4d89291a8975661e1) Importer(815301076,1909f56bfc062723c751e8b465ee728b)
Start importing Assets/Resources/Sprite/03_Utopia/Player.png using Guid(d683d50726a720f4d89291a8975661e1) Importer(815301076,1909f56bfc062723c751e8b465ee728b)  -> (artifact id: '77990e1cc5bee86d915a5d43318233f3') in 0.043306 seconds
Number of updated asset objects reloaded before import = 0
Number of asset objects unloaded after import = 3
========================================================================
Received Import Request.
  Time since last request: 0.000227 seconds.
  path: Assets/Resources/Sprite/05_CrossLane/RoadPath.png
  artifactKey: Guid(808c01bb1248a634cbb9be1a8a55599d) Importer(815301076,1909f56bfc062723c751e8b465ee728b)
Start importing Assets/Resources/Sprite/05_CrossLane/RoadPath.png using Guid(808c01bb1248a634cbb9be1a8a55599d) Importer(815301076,1909f56bfc062723c751e8b465ee728b)  -> (artifact id: 'c760e1c54b0a95eaee2cdf518924c86b') in 0.077078 seconds
Number of updated asset objects reloaded before import = 0
Number of asset objects unloaded after import = 3
========================================================================
Received Import Request.
  Time since last request: 0.000133 seconds.
  path: Assets/Resources/Sprite/03_Utopia/ReDirect_But.png
  artifactKey: Guid(a6b1a8c6206dfdf4f8a7b90692e85640) Importer(815301076,1909f56bfc062723c751e8b465ee728b)
Start importing Assets/Resources/Sprite/03_Utopia/ReDirect_But.png using Guid(a6b1a8c6206dfdf4f8a7b90692e85640) Importer(815301076,1909f56bfc062723c751e8b465ee728b)  -> (artifact id: '0eab62e0fe8a08e68e2d674762100ebb') in 0.035890 seconds
Number of updated asset objects reloaded before import = 0
Number of asset objects unloaded after import = 3
========================================================================
Received Import Request.
  Time since last request: 0.062989 seconds.
  path: Assets/Resources/Sprite/Common/Sprites/Hand.png
  artifactKey: Guid(ca20c3c9c75c6174685439cce4675ba9) Importer(815301076,1909f56bfc062723c751e8b465ee728b)
Start importing Assets/Resources/Sprite/Common/Sprites/Hand.png using Guid(ca20c3c9c75c6174685439cce4675ba9) Importer(815301076,1909f56bfc062723c751e8b465ee728b)  -> (artifact id: '8f3ccc368b12fd4f1a31a285a81bc2d9') in 0.037912 seconds
Number of updated asset objects reloaded before import = 0
Number of asset objects unloaded after import = 3
========================================================================
Received Import Request.
  Time since last request: 0.000021 seconds.
  path: Assets/Resources/Sprite/03_Utopia/Foot_Step_C.png
  artifactKey: Guid(f985e906941647f4497d7064fac1142f) Importer(815301076,1909f56bfc062723c751e8b465ee728b)
Start importing Assets/Resources/Sprite/03_Utopia/Foot_Step_C.png using Guid(f985e906941647f4497d7064fac1142f) Importer(815301076,1909f56bfc062723c751e8b465ee728b)  -> (artifact id: '7e3f8f8fda3d525e1064acef217b2ade') in 0.029677 seconds
Number of updated asset objects reloaded before import = 0
Number of asset objects unloaded after import = 3
========================================================================
Received Import Request.
  Time since last request: 0.000027 seconds.
  path: Assets/Resources/Sprite/03_Utopia/Foot_Step_B.png
  artifactKey: Guid(519ce79cda03989459c42fb2fddeef3c) Importer(815301076,1909f56bfc062723c751e8b465ee728b)
Start importing Assets/Resources/Sprite/03_Utopia/Foot_Step_B.png using Guid(519ce79cda03989459c42fb2fddeef3c) Importer(815301076,1909f56bfc062723c751e8b465ee728b)  -> (artifact id: 'bf82714741a8457812bd273843b923f4') in 0.029755 seconds
Number of updated asset objects reloaded before import = 0
Number of asset objects unloaded after import = 3
========================================================================
Received Import Request.
  Time since last request: 0.000031 seconds.
  path: Assets/Resources/Sprite/01_Jump/Dino_Step.png
  artifactKey: Guid(6ee428eb6dd86fa449425b9e5b09d88c) Importer(815301076,1909f56bfc062723c751e8b465ee728b)
Start importing Assets/Resources/Sprite/01_Jump/Dino_Step.png using Guid(6ee428eb6dd86fa449425b9e5b09d88c) Importer(815301076,1909f56bfc062723c751e8b465ee728b)  -> (artifact id: '0bddea30596dbf5502abea7721faff65') in 0.036729 seconds
Number of updated asset objects reloaded before import = 0
Number of asset objects unloaded after import = 3
========================================================================
Received Import Request.
  Time since last request: 0.000031 seconds.
  path: Assets/Resources/Sprite/01_Jump/Dino_Idle.png
  artifactKey: Guid(114cb4015908fe344836da61402f4772) Importer(815301076,1909f56bfc062723c751e8b465ee728b)
Start importing Assets/Resources/Sprite/01_Jump/Dino_Idle.png using Guid(114cb4015908fe344836da61402f4772) Importer(815301076,1909f56bfc062723c751e8b465ee728b)  -> (artifact id: '2d7347921f3e493db11f02826ce963da') in 0.048435 seconds
Number of updated asset objects reloaded before import = 0
Number of asset objects unloaded after import = 3
========================================================================
Received Import Request.
  Time since last request: 0.000036 seconds.
  path: Assets/Resources/Sprite/05_CrossLane/Car_05.png
  artifactKey: Guid(cc05622ab835538459ccf3a4c391b5f6) Importer(815301076,1909f56bfc062723c751e8b465ee728b)
Start importing Assets/Resources/Sprite/05_CrossLane/Car_05.png using Guid(cc05622ab835538459ccf3a4c391b5f6) Importer(815301076,1909f56bfc062723c751e8b465ee728b)  -> (artifact id: '5f3851697521ace804b41509fefe613a') in 0.036722 seconds
Number of updated asset objects reloaded before import = 0
Number of asset objects unloaded after import = 3
========================================================================
Received Import Request.
  Time since last request: 0.000023 seconds.
  path: Assets/Resources/Sprite/05_CrossLane/Car_03.png
  artifactKey: Guid(6c8661c3dd2d59c49a84ec8c1f599ba0) Importer(815301076,1909f56bfc062723c751e8b465ee728b)
Start importing Assets/Resources/Sprite/05_CrossLane/Car_03.png using Guid(6c8661c3dd2d59c49a84ec8c1f599ba0) Importer(815301076,1909f56bfc062723c751e8b465ee728b)  -> (artifact id: '7c4967c09380d3e9bbb735b42073d8a5') in 0.041862 seconds
Number of updated asset objects reloaded before import = 0
Number of asset objects unloaded after import = 3
========================================================================
Received Import Request.
  Time since last request: 0.000020 seconds.
  path: Assets/Resources/Sprite/05_CrossLane/Car_06.png
  artifactKey: Guid(fc8afa80688e56c4c97ce2882cce9a44) Importer(815301076,1909f56bfc062723c751e8b465ee728b)
Start importing Assets/Resources/Sprite/05_CrossLane/Car_06.png using Guid(fc8afa80688e56c4c97ce2882cce9a44) Importer(815301076,1909f56bfc062723c751e8b465ee728b)  -> (artifact id: 'd2eae62fae2ccb502dec2248789cb960') in 0.037076 seconds
Number of updated asset objects reloaded before import = 0
Number of asset objects unloaded after import = 3
========================================================================
Received Import Request.
  Time since last request: 0.000022 seconds.
  path: Assets/Resources/Sprite/Common/Arts/Banner_Panels.png
  artifactKey: Guid(23672fb7f888d624a9e5f459c1aa04b6) Importer(815301076,1909f56bfc062723c751e8b465ee728b)
Start importing Assets/Resources/Sprite/Common/Arts/Banner_Panels.png using Guid(23672fb7f888d624a9e5f459c1aa04b6) Importer(815301076,1909f56bfc062723c751e8b465ee728b)  -> (artifact id: 'b27d58bb14f4df240bc8be823ee33f44') in 0.047733 seconds
Number of updated asset objects reloaded before import = 0
Number of asset objects unloaded after import = 3
========================================================================
Received Import Request.
  Time since last request: 0.977693 seconds.
  path: Assets/Resources/Sprite/Common/Button/02_Setting_Setting.png
  artifactKey: Guid(cfd6e0ba422129c42ae37147e8faae2f) Importer(815301076,1909f56bfc062723c751e8b465ee728b)
Start importing Assets/Resources/Sprite/Common/Button/02_Setting_Setting.png using Guid(cfd6e0ba422129c42ae37147e8faae2f) Importer(815301076,1909f56bfc062723c751e8b465ee728b)  -> (artifact id: '840c7be3823f15050d1cddbee34cbb59') in 0.028699 seconds
Number of updated asset objects reloaded before import = 0
Number of asset objects unloaded after import = 3
========================================================================
Received Import Request.
  Time since last request: 0.301367 seconds.
  path: Assets/Resources/Sprite/Common/Sprites/00_App_Logo.png
  artifactKey: Guid(a1fafc4e8155bd74297f33068e720a6b) Importer(815301076,1909f56bfc062723c751e8b465ee728b)
Start importing Assets/Resources/Sprite/Common/Sprites/00_App_Logo.png using Guid(a1fafc4e8155bd74297f33068e720a6b) Importer(815301076,1909f56bfc062723c751e8b465ee728b)  -> (artifact id: 'd522e619c230549953144734c7ffec31') in 0.033361 seconds
Number of updated asset objects reloaded before import = 0
Number of asset objects unloaded after import = 3
========================================================================
Received Import Request.
  Time since last request: 0.000028 seconds.
  path: Assets/Resources/Sprite/01_Jump/01_Tree02.png
  artifactKey: Guid(ea25c3649e16a0d498709a4b3ae8e931) Importer(815301076,1909f56bfc062723c751e8b465ee728b)
Start importing Assets/Resources/Sprite/01_Jump/01_Tree02.png using Guid(ea25c3649e16a0d498709a4b3ae8e931) Importer(815301076,1909f56bfc062723c751e8b465ee728b)  -> (artifact id: 'b2452711594115679fb16f90e9f37d5f') in 0.035910 seconds
Number of updated asset objects reloaded before import = 0
Number of asset objects unloaded after import = 3
========================================================================
Received Import Request.
  Time since last request: 0.000018 seconds.
  path: Assets/Resources/Sprite/01_Jump/01_Snail.png
  artifactKey: Guid(df8711e88f68bc74f9fd74d38faf5ca0) Importer(815301076,1909f56bfc062723c751e8b465ee728b)
Start importing Assets/Resources/Sprite/01_Jump/01_Snail.png using Guid(df8711e88f68bc74f9fd74d38faf5ca0) Importer(815301076,1909f56bfc062723c751e8b465ee728b)  -> (artifact id: '46cdb9d417397d7c7efd418d82b5b075') in 0.041922 seconds
Number of updated asset objects reloaded before import = 0
Number of asset objects unloaded after import = 3
========================================================================
Received Import Request.
  Time since last request: 0.000027 seconds.
  path: Assets/Resources/Sprite/01_Jump/01_Zou.png
  artifactKey: Guid(ba6ee230bb4763c498ce9205ff968a45) Importer(815301076,1909f56bfc062723c751e8b465ee728b)
Start importing Assets/Resources/Sprite/01_Jump/01_Zou.png using Guid(ba6ee230bb4763c498ce9205ff968a45) Importer(815301076,1909f56bfc062723c751e8b465ee728b)  -> (artifact id: 'f1ed631a6b9581cde7f3f7c30d9645ce') in 0.029841 seconds
Number of updated asset objects reloaded before import = 0
Number of asset objects unloaded after import = 3
========================================================================
Received Import Request.
  Time since last request: 0.000023 seconds.
  path: Assets/Resources/Sprite/01_Jump/01_Hebi.png
  artifactKey: Guid(2d4af3d8764125e48ae4cf59fed147f7) Importer(815301076,1909f56bfc062723c751e8b465ee728b)
Start importing Assets/Resources/Sprite/01_Jump/01_Hebi.png using Guid(2d4af3d8764125e48ae4cf59fed147f7) Importer(815301076,1909f56bfc062723c751e8b465ee728b)  -> (artifact id: '9756d33811934a93fe57b8040cd88f3d') in 0.033850 seconds
Number of updated asset objects reloaded before import = 0
Number of asset objects unloaded after import = 3
========================================================================
Received Prepare
Refreshing native plugins compatible for Editor in 191.94 ms, found 4 plugins.
Preloading 0 native plugins for Editor in 0.00 ms.
Unloading 1 Unused Serialized files (Serialized files now loaded: 0)
Unloading 2 unused Assets / (84.0 KB). Loaded Objects now: 4811.
Memory consumption went from 92.2 MB to 92.1 MB.
Total: 5.960900 ms (FindLiveObjects: 0.534700 ms CreateObjectMapping: 0.432600 ms MarkObjects: 4.925000 ms  DeleteObjects: 0.067400 ms)

Prepare: number of updated asset objects reloaded= 0
AssetImportParameters requested are different than current active one (requested -> active):
  custom:container-demuxer-ogg: 62fdf1f143b41e24485cea50d1cbac27 -> 
  custom:video-decoder-ogg-theora: a1e56fd34408186e4bbccfd4996cb3dc -> 
  custom:framework-win-MediaFoundation: 216162199b28c13a410421893ffa2e32 -> 
  custom:CustomObjectIndexerAttribute: 6d391050e5a25f67b0a2c618074f2cd9 -> 
  custom:container-demuxer-webm: 4f35f7cbe854078d1ac9338744f61a02 -> 
  custom:container-muxer-webm: aa71ff27fc2769a1b78a27578f13a17b -> 
  custom:video-decoder-webm-vp8: 9c59270c3fd7afecdb556c50c9e8de78 -> 
  custom:SearchIndexIgnoredProperties: e643bd26f0fe6173181afceb89e7c659 -> 
  custom:AudioImporter_EditorPlatform: d09bf68614088b80899f8185d706f6e7 -> 
  custom:video-encoder-webm-vp8: eb34c28f22e8b96e1ab97ce403110664 -> 
  custom:audio-decoder-ogg-vorbis: bf7c407c2cedff20999df2af8eb42d56 -> 
  custom:audio-encoder-webm-vorbis: bf7c407c2cedff20999df2af8eb42d56 -> 
